[generated]:7: warning: Found unknown command `\Atteintion'
[generated]:6: warning: Found unknown command `\Atteintion'
[generated]:2: warning: Found unknown command `\detail'
[generated]:4: warning: Found unknown command `\detail'
[generated]:0: warning: Found unknown command `\detail'
[generated]:13: warning: Found unknown command `\attetntion'
[generated]:5: warning: Found unknown command `\Attention'
C:/Users/Enriquez/Documents/Arduino/libraries/tle5012b/src/Tle5012b.h:209: warning: argument 'bus' of command @param is not found in the argument list of Tle5012b::begin()
C:/Users/Enriquez/Documents/Arduino/libraries/tle5012b/src/Tle5012b.h:209: warning: argument 'miso' of command @param is not found in the argument list of Tle5012b::begin()
C:/Users/Enriquez/Documents/Arduino/libraries/tle5012b/src/Tle5012b.h:209: warning: argument 'mosi' of command @param is not found in the argument list of Tle5012b::begin()
C:/Users/Enriquez/Documents/Arduino/libraries/tle5012b/src/Tle5012b.h:209: warning: argument 'sck' of command @param is not found in the argument list of Tle5012b::begin()
C:/Users/Enriquez/Documents/Arduino/libraries/tle5012b/src/Tle5012b.h:209: warning: argument 'cs' of command @param is not found in the argument list of Tle5012b::begin()
C:/Users/Enriquez/Documents/Arduino/libraries/tle5012b/src/Tle5012b.h:209: warning: argument 'slave' of command @param is not found in the argument list of Tle5012b::begin()
C:/Users/Enriquez/Documents/Arduino/libraries/tle5012b/src/Tle5012b.h:209: warning: argument 'bus' of command @param is not found in the argument list of Tle5012b::begin()
C:/Users/Enriquez/Documents/Arduino/libraries/tle5012b/src/Tle5012b.h:209: warning: argument 'miso' of command @param is not found in the argument list of Tle5012b::begin()
C:/Users/Enriquez/Documents/Arduino/libraries/tle5012b/src/Tle5012b.h:209: warning: argument 'mosi' of command @param is not found in the argument list of Tle5012b::begin()
C:/Users/Enriquez/Documents/Arduino/libraries/tle5012b/src/Tle5012b.h:209: warning: argument 'sck' of command @param is not found in the argument list of Tle5012b::begin()
C:/Users/Enriquez/Documents/Arduino/libraries/tle5012b/src/Tle5012b.h:209: warning: argument 'cs' of command @param is not found in the argument list of Tle5012b::begin()
C:/Users/Enriquez/Documents/Arduino/libraries/tle5012b/src/Tle5012b.h:209: warning: argument 'slave' of command @param is not found in the argument list of Tle5012b::begin()
C:/Users/Enriquez/Documents/Arduino/libraries/tle5012b/src/Tle5012b_reg.h:473: warning: argument 'sensorRegister' of command @param is not found in the argument list of Tle5012b_reg::readSensorType()
C:/Users/Enriquez/Documents/Arduino/libraries/tle5012b/src/Tle5012b_reg.h:506: warning: argument 'calibrationMode' of command @param is not found in the argument list of Tle5012b_reg::setCalibration(calibrationMode calMode)
C:/Users/Enriquez/Documents/Arduino/libraries/tle5012b/src/Tle5012b_reg.h:513: warning: The following parameters of Tle5012b_reg::setCalibration(calibrationMode calMode) are not documented:
  parameter 'calMode'
